<?xml version="1.0" encoding="UTF-8"?>
<testng-results ignored="0" total="1" passed="1" failed="0" skipped="0">
  <reporter-output>
  </reporter-output>
  <suite started-at="2019-11-11T21:35:19Z" name="Default suite" finished-at="2019-11-11T21:35:35Z" duration-ms="15807">
    <groups>
    </groups>
    <test started-at="2019-11-11T21:35:19Z" name="Default test" finished-at="2019-11-11T21:35:35Z" duration-ms="15807">
      <class name="tests.FlipkartPriceValidation">
        <test-method is-config="true" signature="setup()[pri:0, instance:tests.FlipkartPriceValidation@394df057]" started-at="2019-11-11T21:35:19Z" name="setup" finished-at="2019-11-11T21:35:28Z" duration-ms="8886" status="PASS">
          <reporter-output>
          </reporter-output>
        </test-method> <!-- setup -->
        <test-method signature="phonePrice()[pri:0, instance:tests.FlipkartPriceValidation@394df057]" started-at="2019-11-11T21:35:28Z" name="phonePrice" finished-at="2019-11-11T21:35:35Z" duration-ms="6879" status="PASS">
          <reporter-output>
          </reporter-output>
        </test-method> <!-- phonePrice -->
      </class> <!-- tests.FlipkartPriceValidation -->
    </test> <!-- Default test -->
  </suite> <!-- Default suite -->
</testng-results>
